{"uuid":"8e12826b-ff71-4126-bb29-99f8c333e72b","historyId":"5864d8a5dc53691f11e21cd88403e884","fullName":"tests.EmployeeCreationTest.createEmployee","labels":[{"name":"package","value":"tests.EmployeeCreationTest"},{"name":"testClass","value":"tests.EmployeeCreationTest"},{"name":"testMethod","value":"createEmployee"},{"name":"parentSuite","value":"Surefire suite"},{"name":"suite","value":"Surefire test"},{"name":"subSuite","value":"tests.EmployeeCreationTest"},{"name":"host","value":"DESKTOP-GRRJDCP"},{"name":"thread","value":"21708@DESKTOP-GRRJDCP.main(1)"},{"name":"framework","value":"testng"},{"name":"language","value":"java"}],"links":[],"name":"createEmployee","status":"broken","statusDetails":{"known":false,"muted":false,"flaky":false,"message":"java.lang.RuntimeException: Failed to read JSON file: C:\\projects\\Selenium\\OneFamilyProjectExample/src/test/java/data/C:\\projects\\Selenium\\OneFamilyProjectExample/src/test/java/data/Employee.json","trace":"java.lang.RuntimeException: java.lang.RuntimeException: Failed to read JSON file: C:\\projects\\Selenium\\OneFamilyProjectExample/src/test/java/data/C:\\projects\\Selenium\\OneFamilyProjectExample/src/test/java/data/Employee.json\r\n\tat org.testng.internal.invokers.MethodInvocationHelper.invokeMethodNoCheckedException(MethodInvocationHelper.java:57)\r\n\tat org.testng.internal.invokers.MethodInvocationHelper.invokeDataProvider(MethodInvocationHelper.java:157)\r\n\tat org.testng.internal.Parameters.handleParameters(Parameters.java:812)\r\n\tat org.testng.internal.Parameters.handleParameters(Parameters.java:737)\r\n\tat org.testng.internal.invokers.ParameterHandler.handleParameters(ParameterHandler.java:72)\r\n\tat org.testng.internal.invokers.ParameterHandler.createParameters(ParameterHandler.java:51)\r\n\tat org.testng.internal.invokers.TestInvoker$MethodInvocationAgent.invoke(TestInvoker.java:915)\r\n\tat org.testng.internal.invokers.TestInvoker.invokeTestMethods(TestInvoker.java:201)\r\n\tat org.testng.internal.invokers.TestMethodWorker.invokeTestMethods(TestMethodWorker.java:148)\r\n\tat org.testng.internal.invokers.TestMethodWorker.run(TestMethodWorker.java:128)\r\n\tat java.base/java.util.ArrayList.forEach(ArrayList.java:1596)\r\n\tat org.testng.TestRunner.privateRun(TestRunner.java:819)\r\n\tat org.testng.TestRunner.run(TestRunner.java:619)\r\n\tat org.testng.SuiteRunner.runTest(SuiteRunner.java:443)\r\n\tat org.testng.SuiteRunner.runSequentially(SuiteRunner.java:437)\r\n\tat org.testng.SuiteRunner.privateRun(SuiteRunner.java:397)\r\n\tat org.testng.SuiteRunner.run(SuiteRunner.java:336)\r\n\tat org.testng.SuiteRunnerWorker.runSuite(SuiteRunnerWorker.java:52)\r\n\tat org.testng.SuiteRunnerWorker.run(SuiteRunnerWorker.java:95)\r\n\tat org.testng.TestNG.runSuitesSequentially(TestNG.java:1301)\r\n\tat org.testng.TestNG.runSuitesLocally(TestNG.java:1228)\r\n\tat org.testng.TestNG.runSuites(TestNG.java:1134)\r\n\tat org.testng.TestNG.run(TestNG.java:1101)\r\n\tat org.apache.maven.surefire.testng.TestNGExecutor.run(TestNGExecutor.java:155)\r\n\tat org.apache.maven.surefire.testng.TestNGDirectoryTestSuite.executeSingleClass(TestNGDirectoryTestSuite.java:102)\r\n\tat org.apache.maven.surefire.testng.TestNGDirectoryTestSuite.execute(TestNGDirectoryTestSuite.java:91)\r\n\tat org.apache.maven.surefire.testng.TestNGProvider.invoke(TestNGProvider.java:137)\r\n\tat org.apache.maven.surefire.booter.ForkedBooter.runSuitesInProcess(ForkedBooter.java:385)\r\n\tat org.apache.maven.surefire.booter.ForkedBooter.execute(ForkedBooter.java:162)\r\n\tat org.apache.maven.surefire.booter.ForkedBooter.run(ForkedBooter.java:507)\r\n\tat org.apache.maven.surefire.booter.ForkedBooter.main(ForkedBooter.java:495)\r\nCaused by: java.lang.RuntimeException: Failed to read JSON file: C:\\projects\\Selenium\\OneFamilyProjectExample/src/test/java/data/C:\\projects\\Selenium\\OneFamilyProjectExample/src/test/java/data/Employee.json\r\n\tat utils.JsonDataReader.readJson(JsonDataReader.java:18)\r\n\tat tests.EmployeeCreationTest.getData(EmployeeCreationTest.java:38)\r\n\tat java.base/jdk.internal.reflect.DirectMethodHandleAccessor.invoke(DirectMethodHandleAccessor.java:103)\r\n\tat java.base/java.lang.reflect.Method.invoke(Method.java:580)\r\n\tat org.testng.internal.invokers.MethodInvocationHelper.invokeMethod(MethodInvocationHelper.java:139)\r\n\tat org.testng.internal.invokers.MethodInvocationHelper.invokeMethod(MethodInvocationHelper.java:84)\r\n\tat org.testng.internal.invokers.MethodInvocationHelper.invokeMethodNoCheckedException(MethodInvocationHelper.java:53)\r\n\t... 30 more\r\nCaused by: java.io.FileNotFoundException: C:\\projects\\Selenium\\OneFamilyProjectExample\\src\\test\\java\\data\\C:\\projects\\Selenium\\OneFamilyProjectExample\\src\\test\\java\\data\\Employee.json (The filename, directory name, or volume label syntax is incorrect)\r\n\tat java.base/java.io.FileInputStream.open0(Native Method)\r\n\tat java.base/java.io.FileInputStream.open(FileInputStream.java:213)\r\n\tat java.base/java.io.FileInputStream.<init>(FileInputStream.java:152)\r\n\tat java.base/java.io.FileInputStream.<init>(FileInputStream.java:106)\r\n\tat java.base/java.io.FileReader.<init>(FileReader.java:60)\r\n\tat utils.JsonDataReader.readJson(JsonDataReader.java:15)\r\n\t... 36 more\r\n"},"stage":"finished","steps":[],"attachments":[],"parameters":[],"start":1758830267607,"stop":1758830267614}